0 info it worked if it ends with ok
1 verbose cli [ '/usr/local/bin/node',
1 verbose cli   '/usr/local/bin/npm',
1 verbose cli   'publish',
1 verbose cli   '.',
1 verbose cli   '--force' ]
2 info using npm@1.4.9
3 info using node@v0.11.13
4 warn using --force I sure hope you know what you are doing.
5 verbose publish [ '.' ]
6 verbose cache add [ '.', null ]
7 verbose cache add name=undefined spec="." args=[".",null]
8 verbose parsed url { protocol: null,
8 verbose parsed url   slashes: null,
8 verbose parsed url   auth: null,
8 verbose parsed url   host: null,
8 verbose parsed url   port: null,
8 verbose parsed url   hostname: null,
8 verbose parsed url   hash: null,
8 verbose parsed url   search: null,
8 verbose parsed url   query: null,
8 verbose parsed url   pathname: '.',
8 verbose parsed url   path: '.',
8 verbose parsed url   href: '.' }
9 silly lockFile 3a52ce78- .
10 verbose lock . /Users/nico/.npm/3a52ce78-.lock
11 verbose tar pack [ '/var/folders/ny/kbr250895yq24_bngrjw19yw0000gp/T/npm-10354-BMHtEzxx/1408817629447-0.5296556451357901/tmp.tgz',
11 verbose tar pack   '.' ]
12 verbose tarball /var/folders/ny/kbr250895yq24_bngrjw19yw0000gp/T/npm-10354-BMHtEzxx/1408817629447-0.5296556451357901/tmp.tgz
13 verbose folder .
14 info prepublish moment-revolution@0.0.1
15 silly lockFile 1f1177db-tar tar://.
16 verbose lock tar://. /Users/nico/.npm/1f1177db-tar.lock
17 silly lockFile 9acce63d-29447-0-5296556451357901-tmp-tgz tar:///var/folders/ny/kbr250895yq24_bngrjw19yw0000gp/T/npm-10354-BMHtEzxx/1408817629447-0.5296556451357901/tmp.tgz
18 verbose lock tar:///var/folders/ny/kbr250895yq24_bngrjw19yw0000gp/T/npm-10354-BMHtEzxx/1408817629447-0.5296556451357901/tmp.tgz /Users/nico/.npm/9acce63d-29447-0-5296556451357901-tmp-tgz.lock
19 silly lockFile 1f1177db-tar tar://.
20 silly lockFile 1f1177db-tar tar://.
21 silly lockFile 9acce63d-29447-0-5296556451357901-tmp-tgz tar:///var/folders/ny/kbr250895yq24_bngrjw19yw0000gp/T/npm-10354-BMHtEzxx/1408817629447-0.5296556451357901/tmp.tgz
22 silly lockFile 9acce63d-29447-0-5296556451357901-tmp-tgz tar:///var/folders/ny/kbr250895yq24_bngrjw19yw0000gp/T/npm-10354-BMHtEzxx/1408817629447-0.5296556451357901/tmp.tgz
23 verbose tar unpack /var/folders/ny/kbr250895yq24_bngrjw19yw0000gp/T/npm-10354-BMHtEzxx/1408817629447-0.5296556451357901/tmp.tgz
24 silly lockFile 95cd8244--moment-revolution-0-0-1-package tar:///Users/nico/.npm/moment-revolution/0.0.1/package
25 verbose lock tar:///Users/nico/.npm/moment-revolution/0.0.1/package /Users/nico/.npm/95cd8244--moment-revolution-0-0-1-package.lock
26 silly lockFile 9acce63d-29447-0-5296556451357901-tmp-tgz tar:///var/folders/ny/kbr250895yq24_bngrjw19yw0000gp/T/npm-10354-BMHtEzxx/1408817629447-0.5296556451357901/tmp.tgz
27 verbose lock tar:///var/folders/ny/kbr250895yq24_bngrjw19yw0000gp/T/npm-10354-BMHtEzxx/1408817629447-0.5296556451357901/tmp.tgz /Users/nico/.npm/9acce63d-29447-0-5296556451357901-tmp-tgz.lock
28 silly gunzTarPerm modes [ '755', '644' ]
29 silly gunzTarPerm extractEntry package.json
30 silly gunzTarPerm extractEntry .npmignore
31 silly gunzTarPerm extractEntry README.md
32 silly gunzTarPerm extractEntry Gulpfile.js
33 silly gunzTarPerm extractEntry index.js
34 silly gunzTarPerm extractEntry .editorconfig
35 silly gunzTarPerm extractEntry .jshintrc
36 silly gunzTarPerm extractEntry dist/moment-revolution.js
37 silly gunzTarPerm extractEntry dist/moment-revolution.min.js
38 silly gunzTarPerm extractEntry test/node/main.js
39 silly lockFile 95cd8244--moment-revolution-0-0-1-package tar:///Users/nico/.npm/moment-revolution/0.0.1/package
40 silly lockFile 95cd8244--moment-revolution-0-0-1-package tar:///Users/nico/.npm/moment-revolution/0.0.1/package
41 silly lockFile 9acce63d-29447-0-5296556451357901-tmp-tgz tar:///var/folders/ny/kbr250895yq24_bngrjw19yw0000gp/T/npm-10354-BMHtEzxx/1408817629447-0.5296556451357901/tmp.tgz
42 silly lockFile 9acce63d-29447-0-5296556451357901-tmp-tgz tar:///var/folders/ny/kbr250895yq24_bngrjw19yw0000gp/T/npm-10354-BMHtEzxx/1408817629447-0.5296556451357901/tmp.tgz
43 silly lockFile 3a52ce78- .
44 silly lockFile 3a52ce78- .
45 silly publish { name: 'moment-revolution',
45 silly publish   version: '0.0.1',
45 silly publish   description: 'moment-revolution is a moment plugin to display a date in the French Republican Calendar format.',
45 silly publish   repository:
45 silly publish    { type: 'git',
45 silly publish      url: 'https://github.com/nicompte/moment-revolution' },
45 silly publish   main: 'index.js',
45 silly publish   scripts: { test: 'gulp test' },
45 silly publish   keywords: [ 'moment', 'revolution', 'calendar' ],
45 silly publish   author: { name: 'Nicolas Barbotte', email: 'nicolas@barbotte.net' },
45 silly publish   license: 'Public domain',
45 silly publish   devDependencies:
45 silly publish    { moment: '^2.8.1',
45 silly publish      chai: '^1.9.1',
45 silly publish      gulp: '^3.8.7',
45 silly publish      'gulp-jshint': '^1.8.4',
45 silly publish      'gulp-mocha': '^1.0.0',
45 silly publish      'gulp-rename': '^1.2.0',
45 silly publish      'gulp-uglifyjs': '^0.4.2',
45 silly publish      'jshint-stylish': '^0.4.0' },
45 silly publish   dependencies: {},
45 silly publish   readme: '# moment-revolution\n\n`moment-revolution` is a [moment](http://momentjs.com) plugin to display a date in the [French Republican Calendar](http://en.wikipedia.org/wiki/French_Republican_Calendar) format.\n\n```js\nmoment(new Date(1988, 2, 29).toRevolutionnary(); //Nonidi 9 Germinal 196\n```\n\n## Installation\n\n`moment-revolution` is designed to work both using [node](http://nodejs.org) or in the browser.\n\n### In the browser\n\n```html\n<script src="moment.js"></script>\n<script src="moment-revolution.js"></script>\n<script>\n  ...\n</script>\n```\n\n### With node\n`moment-revolution`requires moment, but does not include it in its own dependencies, so you have to add it to your `package.json`file. However, you do not have to require it.\n```js\nvar moment = require(\'moment-revolution\');\n...\n```\n\n## Usage\n```js\nvar moment = require(\'moment-revolution\');\n\nvar start = moment(new Date(1792, 8, 22));\nvar rev = start.toRevolutionnary();\nconsole.log(rev); // Primidi 1 Vendémiaire 1\n\n```\n\n## Credit\n\nFourmilab Calendar Converter - [fourmilab.ch](http://fourmilab.ch)\n\n## Dedication\n\nThis work is dedicated to Maximilien Marie Isidore de Robespierre.\n\n## License\n\nThis program is in the public domain.\n',
45 silly publish   readmeFilename: 'README.md',
45 silly publish   bugs: { url: 'https://github.com/nicompte/moment-revolution/issues' },
45 silly publish   homepage: 'https://github.com/nicompte/moment-revolution',
45 silly publish   _id: 'moment-revolution@0.0.1',
45 silly publish   _shasum: 'a8c20ce07f7ab1a8a59884b51e46b7de8a1e3c62',
45 silly publish   _from: '.' }
46 verbose url raw moment-revolution
47 verbose url resolving [ 'https://registry.npmjs.org/', './moment-revolution' ]
48 verbose url resolved https://registry.npmjs.org/moment-revolution
49 info trying registry request attempt 1 at 20:13:49
50 http PUT https://registry.npmjs.org/moment-revolution
51 http 403 https://registry.npmjs.org/moment-revolution
52 verbose headers { date: 'Sat, 23 Aug 2014 18:13:50 GMT',
52 verbose headers   server: 'CouchDB/1.5.0 (Erlang OTP/R14B04)',
52 verbose headers   'content-type': 'application/json',
52 verbose headers   'cache-control': 'max-age=60',
52 verbose headers   'content-length': '4249',
52 verbose headers   'accept-ranges': 'bytes',
52 verbose headers   via: '1.1 varnish',
52 verbose headers   'x-served-by': 'cache-lcy1131-LCY',
52 verbose headers   'x-cache': 'MISS',
52 verbose headers   'x-cache-hits': '0',
52 verbose headers   'x-timer': 'S1408817629.828371,VS0,VE758',
52 verbose headers   connection: 'close' }
53 error publish Failed PUT 403
54 error Error: forbidden cannot modify pre-existing version: 0.0.1
54 error old={"name":"moment-revolution","version":"0.0.1","description":"moment-revolution is a moment plugin to display a date in the French Republican Calendar format.","repository":{"type":"git","url":"https://github.com/nicompte/moment-revolution"},"main":"index.js","scripts":{"test":"gulp test"},"keywords":["moment","revolution","calendar"],"author":{"name":"Nicolas Barbotte","email":"nicolas@barbotte.net"},"license":"Public domain","devDependencies":{"moment":"^2.8.1","chai":"^1.9.1","gulp":"^3.8.7","gulp-jshint":"^1.8.4","gulp-mocha":"^1.0.0","gulp-rename":"^1.2.0","gulp-uglifyjs":"^0.4.2","jshint-stylish":"^0.4.0"},"dependencies":{},"bugs":{"url":"https://github.com/nicompte/moment-revolution/issues"},"homepage":"https://github.com/nicompte/moment-revolution","_id":"moment-revolution@0.0.1","_shasum":"d4e754d38bac8e288781feaa7d529d6e8937fc76","_from":".","_npmVersion":"1.4.9","_npmUser":{"name":"nicompte","email":"nicolas@barbotte.net"},"maintainers":[{"name":"nicompte","email":"nicolas@barbotte.net"}],"dist":{"shasum":"d4e754d38bac8e288781feaa7d529d6e8937fc76","tarball":"http://registry.npmjs.org/moment-revolution/-/moment-revolution-0.0.1.tgz"}}
54 error new={"name":"moment-revolution","version":"0.0.1","description":"moment-revolution is a moment plugin to display a date in the French Republican Calendar format.","repository":{"type":"git","url":"https://github.com/nicompte/moment-revolution"},"main":"index.js","scripts":{"test":"gulp test"},"keywords":["moment","revolution","calendar"],"author":{"name":"Nicolas Barbotte","email":"nicolas@barbotte.net"},"license":"Public domain","devDependencies":{"moment":"^2.8.1","chai":"^1.9.1","gulp":"^3.8.7","gulp-jshint":"^1.8.4","gulp-mocha":"^1.0.0","gulp-rename":"^1.2.0","gulp-uglifyjs":"^0.4.2","jshint-stylish":"^0.4.0"},"dependencies":{},"readme":"# moment-revolution\u000a\u000a`moment-revolution` is a [moment](http://momentjs.com) plugin to display a date in the [French Republican Calendar](http://en.wikipedia.org/wiki/French_Republican_Calendar) format.\u000a\u000a```js\u000amoment(new Date(1988, 2, 29).toRevolutionnary(); //Nonidi 9 Germinal 196\u000a```\u000a\u000a## Installation\u000a\u000a`moment-revolution` is designed to work both using [node](http://nodejs.org) or in the browser.\u000a\u000a### In the browser\u000a\u000a```html\u000a<script src=\"moment.js\"></script>\u000a<script src=\"moment-revolution.js\"></script>\u000a<script>\u000a  ...\u000a</script>\u000a```\u000a\u000a### With node\u000a`moment-revolution`requires moment, but does not include it in its own dependencies, so you have to add it to your `package.json`file. However, you do not have to require it.\u000a```js\u000avar moment = require('moment-revolution');\u000a...\u000a```\u000a\u000a## Usage\u000a```js\u000avar moment = require('moment-revolution');\u000a\u000avar start = moment(new Date(1792, 8, 22));\u000avar rev = start.toRevolutionnary();\u000aconsole.log(rev); // Primidi 1 Vendémiaire 1\u000a\u000a```\u000a\u000a## Credit\u000a\u000aFourmilab Calendar Converter - [fourmilab.ch](http://fourmilab.ch)\u000a\u000a## Dedication\u000a\u000aThis work is dedicated to Maximilien Marie Isidore de Robespierre.\u000a\u000a## License\u000a\u000aThis program is in the public domain.\u000a","readmeFilename":"README.md","bugs":{"url":"https://github.com/nicompte/moment-revolution/issues"},"homepage":"https://github.com/nicompte/moment-revolution","_id":"moment-revolution@0.0.1","_shasum":"a8c20ce07f7ab1a8a59884b51e46b7de8a1e3c62","_from":".","_npmVersion":"1.4.9","_npmUser":{"name":"nicompte","email":"nicolas@barbotte.net"},"maintainers":[{"name":"nicompte","email":"nicolas@barbotte.net"}],"dist":{"shasum":"a8c20ce07f7ab1a8a59884b51e46b7de8a1e3c62","tarball":"http://registry.npmjs.org/moment-revolution/-/moment-revolution-0.0.1.tgz"}}: moment-revolution
54 error     at RegClient.<anonymous> (/usr/local/lib/node_modules/npm/node_modules/npm-registry-client/lib/request.js:273:14)
54 error     at Request._callback (/usr/local/lib/node_modules/npm/node_modules/npm-registry-client/lib/request.js:211:65)
54 error     at Request.self.callback (/usr/local/lib/node_modules/npm/node_modules/request/request.js:123:22)
54 error     at Request.EventEmitter.emit (events.js:110:17)
54 error     at Request.<anonymous> (/usr/local/lib/node_modules/npm/node_modules/request/request.js:893:14)
54 error     at Request.EventEmitter.emit (events.js:129:20)
54 error     at IncomingMessage.<anonymous> (/usr/local/lib/node_modules/npm/node_modules/request/request.js:844:12)
54 error     at IncomingMessage.EventEmitter.emit (events.js:129:20)
54 error     at _stream_readable.js:898:16
54 error     at process._tickCallback (node.js:343:11)
55 error If you need help, you may report this *entire* log,
55 error including the npm and node versions, at:
55 error     <http://github.com/npm/npm/issues>
56 error System Darwin 14.0.0
57 error command "/usr/local/bin/node" "/usr/local/bin/npm" "publish" "." "--force"
58 error cwd /Users/nico/Dropbox/Boulot/Perso/moment-revolution
59 error node -v v0.11.13
60 error npm -v 1.4.9
61 verbose exit [ 1, true ]
